app/build/outputs/logs/manifest-merger-H5-debug-report.txt
-- Merging decision tree log ---
manifest
ADDED from src/main/AndroidManifest.xml:2:1-460:12
	package
		ADDED from src/main/AndroidManifest.xml:2:11-39
		INJECTED from src/main/AndroidManifest.xml
		INJECTED from src/main/AndroidManifest.xml
	android:versionName
		INJECTED from src/main/AndroidManifest.xml
		INJECTED from src/main/AndroidManifest.xml
	xmlns:android
		ADDED from src/main/AndroidManifest.xml:3:11-69
	android:versionCode
		INJECTED from src/main/AndroidManifest.xml
		INJECTED from src/main/AndroidManifest.xml
uses-permission#android.permission.ACCESS_WIFI_STATE
ADDED from src/main/AndroidManifest.xml:6:5-75
	android:name
		ADDED from src/main/AndroidManifest.xml:6:22-73
uses-permission#android.permission.ACCESS_COARSE_LOCATION
ADDED from src/main/AndroidManifest.xml:8:5-80
	android:name
		ADDED from src/main/AndroidManifest.xml:8:22-78
uses-permission#android.permission.ACCESS_NETWORK_STATE
ADDED from src/main/AndroidManifest.xml:10:5-78
	android:name
		ADDED from src/main/AndroidManifest.xml:10:22-76
uses-permission#android.permission.ACCESS_DOWNLOAD_MANAGER
ADDED from src/main/AndroidManifest.xml:12:5-81
	android:name
		ADDED from src/main/AndroidManifest.xml:12:22-79
uses-permission#android.permission.BATTERY_STATS
ADDED from src/main/AndroidManifest.xml:14:5-71
	android:name
		ADDED from src/main/AndroidManifest.xml:14:22-69
uses-permission#android.permission.BROADCAST_STICKY
ADDED from src/main/AndroidManifest.xml:16:5-74
	android:name
		ADDED from src/main/AndroidManifest.xml:16:22-72
uses-permission#android.permission.CAMERA
ADDED from src/main/AndroidManifest.xml:18:5-64
	android:name
		ADDED from src/main/AndroidManifest.xml:18:22-62
uses-permission#android.permission.INTERNET
ADDED from src/main/AndroidManifest.xml:20:5-66
	android:name
		ADDED from src/main/AndroidManifest.xml:20:22-64
uses-permission#android.permission.DISABLE_KEYGUARD
ADDED from src/main/AndroidManifest.xml:22:5-74
	android:name
		ADDED from src/main/AndroidManifest.xml:22:22-72
uses-permission#android.permission.DOWNLOAD_WITHOUT_NOTIFICATION
ADDED from src/main/AndroidManifest.xml:24:5-87
	android:name
		ADDED from src/main/AndroidManifest.xml:24:22-85
uses-permission#android.permission.GET_TASKS
ADDED from src/main/AndroidManifest.xml:26:5-67
	android:name
		ADDED from src/main/AndroidManifest.xml:26:22-65
uses-permission#android.permission.KILL_BACKGROUND_PROCESSES
ADDED from src/main/AndroidManifest.xml:28:5-83
	android:name
		ADDED from src/main/AndroidManifest.xml:28:22-81
uses-permission#android.permission.MOUNT_UNMOUNT_FILESYSTEMS
ADDED from src/main/AndroidManifest.xml:30:5-83
	android:name
		ADDED from src/main/AndroidManifest.xml:30:22-81
uses-permission#android.permission.READ_EXTERNAL_STORAGE
ADDED from src/main/AndroidManifest.xml:32:5-79
	android:name
		ADDED from src/main/AndroidManifest.xml:32:22-77
uses-permission#android.permission.READ_LOGS
ADDED from src/main/AndroidManifest.xml:34:5-67
	android:name
		ADDED from src/main/AndroidManifest.xml:34:22-65
uses-permission#android.permission.READ_PHONE_STATE
ADDED from src/main/AndroidManifest.xml:36:5-74
	android:name
		ADDED from src/main/AndroidManifest.xml:36:22-72
uses-permission#android.permission.READ_SMS
ADDED from src/main/AndroidManifest.xml:38:5-66
	android:name
		ADDED from src/main/AndroidManifest.xml:38:22-64
uses-permission#android.permission.RECEIVE_BOOT_COMPLETED
ADDED from src/main/AndroidManifest.xml:40:5-80
	android:name
		ADDED from src/main/AndroidManifest.xml:40:22-78
uses-permission#android.permission.RECEIVE_SMS
ADDED from src/main/AndroidManifest.xml:42:5-69
	android:name
		ADDED from src/main/AndroidManifest.xml:42:22-67
uses-permission#android.permission.RECEIVE_USER_PRESENT
ADDED from src/main/AndroidManifest.xml:44:5-78
	android:name
		ADDED from src/main/AndroidManifest.xml:44:22-76
uses-permission#android.permission.RECORD_AUDIO
ADDED from src/main/AndroidManifest.xml:46:5-70
	android:name
		ADDED from src/main/AndroidManifest.xml:46:22-68
uses-permission#android.permission.RECORD_VIDEO
ADDED from src/main/AndroidManifest.xml:48:5-70
	android:name
		ADDED from src/main/AndroidManifest.xml:48:22-68
uses-permission#android.permission.RESTART_PACKAGES
ADDED from src/main/AndroidManifest.xml:50:5-74
	android:name
		ADDED from src/main/AndroidManifest.xml:50:22-72
uses-permission#android.permission.VIBRATE
ADDED from src/main/AndroidManifest.xml:52:5-65
	android:name
		ADDED from src/main/AndroidManifest.xml:52:22-63
uses-permission#android.permission.WAKE_LOCK
ADDED from src/main/AndroidManifest.xml:54:5-67
	android:name
		ADDED from src/main/AndroidManifest.xml:54:22-65
uses-permission#android.permission.WRITE_SETTINGS
ADDED from src/main/AndroidManifest.xml:56:5-72
	android:name
		ADDED from src/main/AndroidManifest.xml:56:22-70
uses-permission#android.permission.WRITE_EXTERNAL_STORAGE
ADDED from src/main/AndroidManifest.xml:58:5-80
	android:name
		ADDED from src/main/AndroidManifest.xml:58:22-78
uses-permission#android.permission.CALL_PHONE
ADDED from src/main/AndroidManifest.xml:60:5-68
	android:name
		ADDED from src/main/AndroidManifest.xml:60:22-66
uses-feature#android.hardware.camera
ADDED from src/main/AndroidManifest.xml:63:5-59
	android:name
		ADDED from src/main/AndroidManifest.xml:63:19-57
supports-screens
ADDED from src/main/AndroidManifest.xml:65:5-70:39
	android:largeScreens
		ADDED from src/main/AndroidManifest.xml:67:9-36
	android:smallScreens
		ADDED from src/main/AndroidManifest.xml:69:9-36
	android:normalScreens
		ADDED from src/main/AndroidManifest.xml:68:9-37
	android:xlargeScreens
		ADDED from src/main/AndroidManifest.xml:70:9-37
	android:anyDensity
		ADDED from src/main/AndroidManifest.xml:66:9-34
application
ADDED from src/main/AndroidManifest.xml:72:5-458:19
MERGED from [com.github.chenupt.android:springindicator:1.0.2] AndroidManifest.xml:11:5-20
MERGED from [com.lsjwzh:materialloadingprogressbar:0.5.5-RELEASE] AndroidManifest.xml:11:5-12:19
MERGED from [Art:SwipyRefreshLayoutLib:unspecified] AndroidManifest.xml:11:5-12:19
MERGED from [com.android.support:appcompat-v7:23.1.0] AndroidManifest.xml:22:5-20
MERGED from [me.imid.swipebacklayout.lib:library:1.0.0] AndroidManifest.xml:11:5-20
MERGED from [com.android.support:support-v4:23.1.0] AndroidManifest.xml:22:5-20
	android:label
		ADDED from src/main/AndroidManifest.xml:76:9-41
	android:allowBackup
		ADDED from src/main/AndroidManifest.xml:74:9-35
	android:icon
		ADDED from src/main/AndroidManifest.xml:75:9-45
	android:theme
		ADDED from src/main/AndroidManifest.xml:77:9-46
	android:name
		ADDED from src/main/AndroidManifest.xml:73:9-56
activity#com.bobaoo.xiaobao.ui.activity.SplashActivity
ADDED from src/main/AndroidManifest.xml:78:9-86:20
	android:launchMode
		ADDED from src/main/AndroidManifest.xml:80:13-43
	android:name
		ADDED from src/main/AndroidManifest.xml:79:13-55
intent-filter#android.intent.action.MAIN+android.intent.category.LAUNCHER
ADDED from src/main/AndroidManifest.xml:81:13-85:29
action#android.intent.action.MAIN
ADDED from src/main/AndroidManifest.xml:82:17-68
	android:name
		ADDED from src/main/AndroidManifest.xml:82:25-66
category#android.intent.category.LAUNCHER
ADDED from src/main/AndroidManifest.xml:84:17-76
	android:name
		ADDED from src/main/AndroidManifest.xml:84:27-74
activity#com.bobaoo.xiaobao.ui.activity.MainActivity
ADDED from src/main/AndroidManifest.xml:87:9-90:51
	android:screenOrientation
		ADDED from src/main/AndroidManifest.xml:90:13-49
	android:launchMode
		ADDED from src/main/AndroidManifest.xml:89:13-44
	android:name
		ADDED from src/main/AndroidManifest.xml:88:13-53
activity#com.bobaoo.xiaobao.ui.activity.TakePictureActivity
ADDED from src/main/AndroidManifest.xml:91:9-95:46
	android:screenOrientation
		ADDED from src/main/AndroidManifest.xml:94:13-49
	android:launchMode
		ADDED from src/main/AndroidManifest.xml:93:13-44
	android:theme
		ADDED from src/main/AndroidManifest.xml:95:13-44
	android:name
		ADDED from src/main/AndroidManifest.xml:92:13-60
activity#com.bobaoo.xiaobao.ui.activity.SubmitOrderActivity
ADDED from src/main/AndroidManifest.xml:96:9-100:46
	android:screenOrientation
		ADDED from src/main/AndroidManifest.xml:99:13-49
	android:launchMode
		ADDED from src/main/AndroidManifest.xml:98:13-44
	android:theme
		ADDED from src/main/AndroidManifest.xml:100:13-44
	android:name
		ADDED from src/main/AndroidManifest.xml:97:13-60
activity#com.bobaoo.xiaobao.ui.activity.IdentifyModifyActivity
ADDED from src/main/AndroidManifest.xml:101:9-104:51
	android:screenOrientation
		ADDED from src/main/AndroidManifest.xml:104:13-49
	android:launchMode
		ADDED from src/main/AndroidManifest.xml:103:13-44
	android:name
		ADDED from src/main/AndroidManifest.xml:102:13-63
activity#com.bobaoo.xiaobao.ui.activity.PlayVideoActivity
ADDED from src/main/AndroidManifest.xml:105:9-109:49
	android:screenOrientation
		ADDED from src/main/AndroidManifest.xml:109:13-47
	android:launchMode
		ADDED from src/main/AndroidManifest.xml:108:13-44
	android:configChanges
		ADDED from src/main/AndroidManifest.xml:107:13-63
	android:name
		ADDED from src/main/AndroidManifest.xml:106:13-58
activity#com.bobaoo.xiaobao.ui.activity.PayActivity
ADDED from src/main/AndroidManifest.xml:110:9-113:51
	android:screenOrientation
		ADDED from src/main/AndroidManifest.xml:113:13-49
	android:launchMode
		ADDED from src/main/AndroidManifest.xml:112:13-43
	android:name
		ADDED from src/main/AndroidManifest.xml:111:13-52
activity#com.bobaoo.xiaobao.ui.activity.UserLogInActivity
ADDED from src/main/AndroidManifest.xml:114:9-117:51
	android:screenOrientation
		ADDED from src/main/AndroidManifest.xml:117:13-49
	android:launchMode
		ADDED from src/main/AndroidManifest.xml:116:13-43
	android:name
		ADDED from src/main/AndroidManifest.xml:115:13-58
activity#com.bobaoo.xiaobao.ui.activity.UserRegisterActivity
ADDED from src/main/AndroidManifest.xml:118:9-121:51
	android:screenOrientation
		ADDED from src/main/AndroidManifest.xml:121:13-49
	android:launchMode
		ADDED from src/main/AndroidManifest.xml:120:13-43
	android:name
		ADDED from src/main/AndroidManifest.xml:119:13-61
activity#com.bobaoo.xiaobao.ui.activity.UserPrivateInfoActivity
ADDED from src/main/AndroidManifest.xml:122:9-125:51
	android:screenOrientation
		ADDED from src/main/AndroidManifest.xml:125:13-49
	android:launchMode
		ADDED from src/main/AndroidManifest.xml:124:13-43
	android:name
		ADDED from src/main/AndroidManifest.xml:123:13-64
activity#com.bobaoo.xiaobao.ui.activity.UserSubActivity
ADDED from src/main/AndroidManifest.xml:126:9-130:65
	android:screenOrientation
		ADDED from src/main/AndroidManifest.xml:129:13-49
	android:launchMode
		ADDED from src/main/AndroidManifest.xml:128:13-43
	android:theme
		ADDED from src/main/AndroidManifest.xml:130:13-63
	android:name
		ADDED from src/main/AndroidManifest.xml:127:13-56
activity#com.bobaoo.xiaobao.ui.activity.UserFeedBackActivity
ADDED from src/main/AndroidManifest.xml:131:9-134:51
	android:screenOrientation
		ADDED from src/main/AndroidManifest.xml:134:13-49
	android:launchMode
		ADDED from src/main/AndroidManifest.xml:133:13-43
	android:name
		ADDED from src/main/AndroidManifest.xml:132:13-61
activity#com.bobaoo.xiaobao.ui.activity.UserIdentifyActivity
ADDED from src/main/AndroidManifest.xml:135:9-139:65
	android:screenOrientation
		ADDED from src/main/AndroidManifest.xml:138:13-49
	android:launchMode
		ADDED from src/main/AndroidManifest.xml:137:13-43
	android:theme
		ADDED from src/main/AndroidManifest.xml:139:13-63
	android:name
		ADDED from src/main/AndroidManifest.xml:136:13-61
activity#com.bobaoo.xiaobao.ui.activity.ExpertListActivity
ADDED from src/main/AndroidManifest.xml:140:9-143:51
	android:screenOrientation
		ADDED from src/main/AndroidManifest.xml:143:13-49
	android:launchMode
		ADDED from src/main/AndroidManifest.xml:142:13-43
	android:name
		ADDED from src/main/AndroidManifest.xml:141:13-59
activity#com.bobaoo.xiaobao.ui.activity.ExpertDetailActivity
ADDED from src/main/AndroidManifest.xml:144:9-148:52
	android:screenOrientation
		ADDED from src/main/AndroidManifest.xml:147:13-49
	android:launchMode
		ADDED from src/main/AndroidManifest.xml:146:13-43
	android:theme
		ADDED from src/main/AndroidManifest.xml:148:13-50
	android:name
		ADDED from src/main/AndroidManifest.xml:145:13-61
activity#com.bobaoo.xiaobao.ui.activity.InfoDetailActivity
ADDED from src/main/AndroidManifest.xml:149:9-152:51
	android:screenOrientation
		ADDED from src/main/AndroidManifest.xml:152:13-49
	android:launchMode
		ADDED from src/main/AndroidManifest.xml:151:13-42
	android:name
		ADDED from src/main/AndroidManifest.xml:150:13-59
activity#com.bobaoo.xiaobao.ui.activity.UserRechargeActivity
ADDED from src/main/AndroidManifest.xml:153:9-156:51
	android:screenOrientation
		ADDED from src/main/AndroidManifest.xml:156:13-49
	android:launchMode
		ADDED from src/main/AndroidManifest.xml:155:13-43
	android:name
		ADDED from src/main/AndroidManifest.xml:154:13-61
activity#com.bobaoo.xiaobao.ui.activity.BaifuBaoPayActivity
ADDED from src/main/AndroidManifest.xml:157:9-160:51
	android:screenOrientation
		ADDED from src/main/AndroidManifest.xml:160:13-49
	android:launchMode
		ADDED from src/main/AndroidManifest.xml:159:13-43
	android:name
		ADDED from src/main/AndroidManifest.xml:158:13-60
activity#com.bobaoo.xiaobao.ui.activity.OrderDetailActivity
ADDED from src/main/AndroidManifest.xml:161:9-165:74
	android:screenOrientation
		ADDED from src/main/AndroidManifest.xml:164:13-49
	android:launchMode
		ADDED from src/main/AndroidManifest.xml:163:13-43
	android:windowSoftInputMode
		ADDED from src/main/AndroidManifest.xml:165:13-72
	android:name
		ADDED from src/main/AndroidManifest.xml:162:13-60
activity#com.bobaoo.xiaobao.ui.activity.OrderToPayActivity
ADDED from src/main/AndroidManifest.xml:166:9-169:51
	android:screenOrientation
		ADDED from src/main/AndroidManifest.xml:169:13-49
	android:launchMode
		ADDED from src/main/AndroidManifest.xml:168:13-43
	android:name
		ADDED from src/main/AndroidManifest.xml:167:13-59
activity#com.bobaoo.xiaobao.ui.activity.UserPayActivity
ADDED from src/main/AndroidManifest.xml:170:9-173:51
	android:screenOrientation
		ADDED from src/main/AndroidManifest.xml:173:13-49
	android:launchMode
		ADDED from src/main/AndroidManifest.xml:172:13-43
	android:name
		ADDED from src/main/AndroidManifest.xml:171:13-56
activity#com.bobaoo.xiaobao.ui.activity.UserBanlanceActivity
ADDED from src/main/AndroidManifest.xml:174:9-177:51
	android:screenOrientation
		ADDED from src/main/AndroidManifest.xml:177:13-49
	android:launchMode
		ADDED from src/main/AndroidManifest.xml:176:13-43
	android:name
		ADDED from src/main/AndroidManifest.xml:175:13-61
activity#com.bobaoo.xiaobao.ui.activity.UserRechargeRecordActivity
ADDED from src/main/AndroidManifest.xml:178:9-181:51
	android:screenOrientation
		ADDED from src/main/AndroidManifest.xml:181:13-49
	android:launchMode
		ADDED from src/main/AndroidManifest.xml:180:13-43
	android:name
		ADDED from src/main/AndroidManifest.xml:179:13-67
activity#com.bobaoo.xiaobao.ui.activity.UserRechargeSelectActivity
ADDED from src/main/AndroidManifest.xml:182:9-185:51
	android:screenOrientation
		ADDED from src/main/AndroidManifest.xml:185:13-49
	android:launchMode
		ADDED from src/main/AndroidManifest.xml:184:13-48
	android:name
		ADDED from src/main/AndroidManifest.xml:183:13-67
activity#com.bobaoo.xiaobao.ui.activity.UserScoreRecordActivity
ADDED from src/main/AndroidManifest.xml:186:9-189:51
	android:screenOrientation
		ADDED from src/main/AndroidManifest.xml:189:13-49
	android:launchMode
		ADDED from src/main/AndroidManifest.xml:188:13-43
	android:name
		ADDED from src/main/AndroidManifest.xml:187:13-64
activity#com.bobaoo.xiaobao.ui.activity.UserScoreActivity
ADDED from src/main/AndroidManifest.xml:190:9-193:51
	android:screenOrientation
		ADDED from src/main/AndroidManifest.xml:193:13-49
	android:launchMode
		ADDED from src/main/AndroidManifest.xml:192:13-43
	android:name
		ADDED from src/main/AndroidManifest.xml:191:13-58
activity#com.bobaoo.xiaobao.ui.activity.UserRechargeFailTipActivity
ADDED from src/main/AndroidManifest.xml:194:9-197:51
	android:screenOrientation
		ADDED from src/main/AndroidManifest.xml:197:13-49
	android:launchMode
		ADDED from src/main/AndroidManifest.xml:196:13-43
	android:name
		ADDED from src/main/AndroidManifest.xml:195:13-68
activity#com.bobaoo.xiaobao.ui.activity.UserWalletActivity
ADDED from src/main/AndroidManifest.xml:198:9-201:51
	android:screenOrientation
		ADDED from src/main/AndroidManifest.xml:201:13-49
	android:launchMode
		ADDED from src/main/AndroidManifest.xml:200:13-43
	android:name
		ADDED from src/main/AndroidManifest.xml:199:13-59
activity#com.bobaoo.xiaobao.ui.activity.UserConsumeRecordActivity
ADDED from src/main/AndroidManifest.xml:202:9-205:51
	android:screenOrientation
		ADDED from src/main/AndroidManifest.xml:205:13-49
	android:launchMode
		ADDED from src/main/AndroidManifest.xml:204:13-43
	android:name
		ADDED from src/main/AndroidManifest.xml:203:13-66
activity#com.bobaoo.xiaobao.ui.activity.ContactUsActivity
ADDED from src/main/AndroidManifest.xml:206:9-209:51
	android:screenOrientation
		ADDED from src/main/AndroidManifest.xml:209:13-49
	android:launchMode
		ADDED from src/main/AndroidManifest.xml:208:13-43
	android:name
		ADDED from src/main/AndroidManifest.xml:207:13-58
activity#com.bobaoo.xiaobao.ui.activity.IdentifyTypeActivity
ADDED from src/main/AndroidManifest.xml:210:9-213:51
	android:screenOrientation
		ADDED from src/main/AndroidManifest.xml:213:13-49
	android:launchMode
		ADDED from src/main/AndroidManifest.xml:212:13-43
	android:name
		ADDED from src/main/AndroidManifest.xml:211:13-61
activity#com.bobaoo.xiaobao.ui.activity.EditPassWordActivity
ADDED from src/main/AndroidManifest.xml:214:9-217:51
	android:screenOrientation
		ADDED from src/main/AndroidManifest.xml:217:13-49
	android:launchMode
		ADDED from src/main/AndroidManifest.xml:216:13-43
	android:name
		ADDED from src/main/AndroidManifest.xml:215:13-61
activity#com.bobaoo.xiaobao.ui.activity.UserSetActivity
ADDED from src/main/AndroidManifest.xml:218:9-221:51
	android:screenOrientation
		ADDED from src/main/AndroidManifest.xml:221:13-49
	android:launchMode
		ADDED from src/main/AndroidManifest.xml:220:13-43
	android:name
		ADDED from src/main/AndroidManifest.xml:219:13-56
activity#com.bobaoo.xiaobao.ui.activity.UserInputInvitedCode
ADDED from src/main/AndroidManifest.xml:222:9-225:51
	android:screenOrientation
		ADDED from src/main/AndroidManifest.xml:225:13-49
	android:launchMode
		ADDED from src/main/AndroidManifest.xml:224:13-43
	android:name
		ADDED from src/main/AndroidManifest.xml:223:13-61
activity#com.bobaoo.xiaobao.ui.activity.PriceQueryContentActivity
ADDED from src/main/AndroidManifest.xml:226:9-229:51
	android:screenOrientation
		ADDED from src/main/AndroidManifest.xml:229:13-49
	android:launchMode
		ADDED from src/main/AndroidManifest.xml:228:13-43
	android:name
		ADDED from src/main/AndroidManifest.xml:227:13-66
activity#com.bobaoo.xiaobao.ui.activity.ForgetPswActivity
ADDED from src/main/AndroidManifest.xml:230:9-233:51
	android:screenOrientation
		ADDED from src/main/AndroidManifest.xml:233:13-49
	android:launchMode
		ADDED from src/main/AndroidManifest.xml:232:13-43
	android:name
		ADDED from src/main/AndroidManifest.xml:231:13-58
activity#com.bobaoo.xiaobao.ui.activity.PhotoViewActivity
ADDED from src/main/AndroidManifest.xml:234:9-237:51
	android:screenOrientation
		ADDED from src/main/AndroidManifest.xml:237:13-49
	android:launchMode
		ADDED from src/main/AndroidManifest.xml:236:13-43
	android:name
		ADDED from src/main/AndroidManifest.xml:235:13-58
activity#com.bobaoo.xiaobao.ui.activity.PhotoGalleryActivity
ADDED from src/main/AndroidManifest.xml:238:9-241:51
	android:screenOrientation
		ADDED from src/main/AndroidManifest.xml:241:13-49
	android:launchMode
		ADDED from src/main/AndroidManifest.xml:240:13-43
	android:name
		ADDED from src/main/AndroidManifest.xml:239:13-61
activity#com.bobaoo.xiaobao.ui.activity.InviteFriendActivity
ADDED from src/main/AndroidManifest.xml:242:9-245:51
	android:screenOrientation
		ADDED from src/main/AndroidManifest.xml:245:13-49
	android:launchMode
		ADDED from src/main/AndroidManifest.xml:244:13-43
	android:name
		ADDED from src/main/AndroidManifest.xml:243:13-61
activity#com.bobaoo.xiaobao.ui.activity.CheckPhoneNumberActivity
ADDED from src/main/AndroidManifest.xml:246:9-248:51
	android:screenOrientation
		ADDED from src/main/AndroidManifest.xml:248:13-49
	android:name
		ADDED from src/main/AndroidManifest.xml:247:13-65
activity#com.bobaoo.xiaobao.ui.activity.PaySuccessActivity
ADDED from src/main/AndroidManifest.xml:249:9-251:51
	android:screenOrientation
		ADDED from src/main/AndroidManifest.xml:251:13-49
	android:name
		ADDED from src/main/AndroidManifest.xml:250:13-59
activity#com.bobaoo.xiaobao.ui.activity.UserIdentifyMeetingActivity
ADDED from src/main/AndroidManifest.xml:252:9-256:65
	android:screenOrientation
		ADDED from src/main/AndroidManifest.xml:255:13-49
	android:launchMode
		ADDED from src/main/AndroidManifest.xml:254:13-43
	android:theme
		ADDED from src/main/AndroidManifest.xml:256:13-63
	android:name
		ADDED from src/main/AndroidManifest.xml:253:13-68
activity#com.bobaoo.xiaobao.ui.activity.ActiveActivity
ADDED from src/main/AndroidManifest.xml:257:9-260:50
	android:screenOrientation
		ADDED from src/main/AndroidManifest.xml:259:13-49
	android:theme
		ADDED from src/main/AndroidManifest.xml:260:13-48
	android:name
		ADDED from src/main/AndroidManifest.xml:258:13-55
activity#com.bobaoo.xiaobao.ui.activity.FindActivity
ADDED from src/main/AndroidManifest.xml:261:9-263:51
	android:screenOrientation
		ADDED from src/main/AndroidManifest.xml:263:13-49
	android:name
		ADDED from src/main/AndroidManifest.xml:262:13-53
activity#com.bobaoo.xiaobao.ui.activity.EnrollActivity
ADDED from src/main/AndroidManifest.xml:265:9-268:72
	android:screenOrientation
		ADDED from src/main/AndroidManifest.xml:267:13-49
	android:windowSoftInputMode
		ADDED from src/main/AndroidManifest.xml:268:13-70
	android:name
		ADDED from src/main/AndroidManifest.xml:266:13-55
activity#com.bobaoo.xiaobao.ui.fragment.InfoActivity
ADDED from src/main/AndroidManifest.xml:270:9-271:51
	android:screenOrientation
		ADDED from src/main/AndroidManifest.xml:271:13-49
	android:name
		ADDED from src/main/AndroidManifest.xml:270:19-59
activity#com.bobaoo.xiaobao.ui.activity.WebViewActivity
ADDED from src/main/AndroidManifest.xml:273:9-274:51
	android:screenOrientation
		ADDED from src/main/AndroidManifest.xml:274:13-49
	android:name
		ADDED from src/main/AndroidManifest.xml:273:19-62
activity#com.bobaoo.xiaobao.ui.activity.EditNickNameActivity
ADDED from src/main/AndroidManifest.xml:276:9-277:51
	android:screenOrientation
		ADDED from src/main/AndroidManifest.xml:277:13-49
	android:name
		ADDED from src/main/AndroidManifest.xml:276:19-67
receiver#com.bobaoo.xiaobao.receiver.TimerStickReceiver
ADDED from src/main/AndroidManifest.xml:279:9-64
	android:name
		ADDED from src/main/AndroidManifest.xml:279:19-62
activity#com.bobaoo.xiaobao.wxapi.WXPayEntryActivity
ADDED from src/main/AndroidManifest.xml:281:9-286:74
	android:screenOrientation
		ADDED from src/main/AndroidManifest.xml:285:13-49
	android:exported
		ADDED from src/main/AndroidManifest.xml:284:13-36
	android:configChanges
		ADDED from src/main/AndroidManifest.xml:283:13-74
	android:theme
		ADDED from src/main/AndroidManifest.xml:286:13-72
	android:name
		ADDED from src/main/AndroidManifest.xml:282:13-53
activity#com.tencent.android.tpush.XGPushActivity
ADDED from src/main/AndroidManifest.xml:290:9-299:20
	android:exported
		ADDED from src/main/AndroidManifest.xml:292:13-36
	android:theme
		ADDED from src/main/AndroidManifest.xml:293:13-61
	android:name
		ADDED from src/main/AndroidManifest.xml:291:13-68
intent-filter#android.intent.action
ADDED from src/main/AndroidManifest.xml:294:13-298:29
action#android.intent.action
ADDED from src/main/AndroidManifest.xml:297:17-63
	android:name
		ADDED from src/main/AndroidManifest.xml:297:25-61
receiver#com.tencent.android.tpush.XGPushReceiver
ADDED from src/main/AndroidManifest.xml:302:9-327:20
	android:process
		ADDED from src/main/AndroidManifest.xml:304:13-45
	android:name
		ADDED from src/main/AndroidManifest.xml:303:13-68
intent-filter#android.bluetooth.adapter.action.STATE_CHANGED+android.intent.action.ACTION_POWER_CONNECTED+android.intent.action.ACTION_POWER_DISCONNECTED+android.intent.action.USER_PRESENT+android.net.conn.CONNECTIVITY_CHANGE+com.tencent.android.tpush.action.INTERNAL_PUSH_MESSAGE+com.tencent.android.tpush.action.SDK
ADDED from src/main/AndroidManifest.xml:305:13-317:29
	android:priority
		ADDED from src/main/AndroidManifest.xml:305:28-57
action#com.tencent.android.tpush.action.SDK
ADDED from src/main/AndroidManifest.xml:308:17-78
	android:name
		ADDED from src/main/AndroidManifest.xml:308:25-76
action#com.tencent.android.tpush.action.INTERNAL_PUSH_MESSAGE
ADDED from src/main/AndroidManifest.xml:309:17-96
	android:name
		ADDED from src/main/AndroidManifest.xml:309:25-94
action#android.intent.action.USER_PRESENT
ADDED from src/main/AndroidManifest.xml:311:17-76
	android:name
		ADDED from src/main/AndroidManifest.xml:311:25-74
action#android.net.conn.CONNECTIVITY_CHANGE
ADDED from src/main/AndroidManifest.xml:312:17-78
	android:name
		ADDED from src/main/AndroidManifest.xml:312:25-76
action#android.bluetooth.adapter.action.STATE_CHANGED
ADDED from src/main/AndroidManifest.xml:314:17-88
	android:name
		ADDED from src/main/AndroidManifest.xml:314:25-86
action#android.intent.action.ACTION_POWER_CONNECTED
ADDED from src/main/AndroidManifest.xml:315:17-86
	android:name
		ADDED from src/main/AndroidManifest.xml:315:25-84
action#android.intent.action.ACTION_POWER_DISCONNECTED
ADDED from src/main/AndroidManifest.xml:316:17-89
	android:name
		ADDED from src/main/AndroidManifest.xml:316:25-87
intent-filter#android.intent.action.MEDIA_CHECKING+android.intent.action.MEDIA_EJECT+android.intent.action.MEDIA_REMOVED+android.intent.action.MEDIA_UNMOUNTED
ADDED from src/main/AndroidManifest.xml:319:13-326:29
	android:priority
		ADDED from src/main/AndroidManifest.xml:319:28-57
action#android.intent.action.MEDIA_UNMOUNTED
ADDED from src/main/AndroidManifest.xml:320:17-79
	android:name
		ADDED from src/main/AndroidManifest.xml:320:25-77
action#android.intent.action.MEDIA_REMOVED
ADDED from src/main/AndroidManifest.xml:321:17-77
	android:name
		ADDED from src/main/AndroidManifest.xml:321:25-75
action#android.intent.action.MEDIA_CHECKING
ADDED from src/main/AndroidManifest.xml:322:17-78
	android:name
		ADDED from src/main/AndroidManifest.xml:322:25-76
action#android.intent.action.MEDIA_EJECT
ADDED from src/main/AndroidManifest.xml:323:17-75
	android:name
		ADDED from src/main/AndroidManifest.xml:323:25-73
data
ADDED from src/main/AndroidManifest.xml:325:17-46
	android:scheme
		ADDED from src/main/AndroidManifest.xml:325:23-44
service#com.tencent.android.tpush.service.XGPushService
ADDED from src/main/AndroidManifest.xml:329:9-333:47
	android:process
		ADDED from src/main/AndroidManifest.xml:333:13-45
	android:exported
		ADDED from src/main/AndroidManifest.xml:331:13-36
	android:persistent
		ADDED from src/main/AndroidManifest.xml:332:13-38
	android:name
		ADDED from src/main/AndroidManifest.xml:330:13-75
service#com.tencent.android.tpush.rpc.XGRemoteService
ADDED from src/main/AndroidManifest.xml:335:9-343:19
	android:exported
		ADDED from src/main/AndroidManifest.xml:337:13-36
	android:name
		ADDED from src/main/AndroidManifest.xml:336:13-73
intent-filter#com.bobaoo.xiaobao.PUSH_ACTION
ADDED from src/main/AndroidManifest.xml:338:13-342:29
action#com.bobaoo.xiaobao.PUSH_ACTION
ADDED from src/main/AndroidManifest.xml:341:17-72
	android:name
		ADDED from src/main/AndroidManifest.xml:341:25-70
receiver#com.bobaoo.xiaobao.receiver.TPushReceiver
ADDED from src/main/AndroidManifest.xml:360:9-368:20
	android:name
		ADDED from src/main/AndroidManifest.xml:360:19-57
intent-filter#com.tencent.android.tpush.action.FEEDBACK+com.tencent.android.tpush.action.PUSH_MESSAGE
ADDED from src/main/AndroidManifest.xml:361:13-367:29
action#com.tencent.android.tpush.action.PUSH_MESSAGE
ADDED from src/main/AndroidManifest.xml:364:17-87
	android:name
		ADDED from src/main/AndroidManifest.xml:364:25-85
action#com.tencent.android.tpush.action.FEEDBACK
ADDED from src/main/AndroidManifest.xml:366:17-83
	android:name
		ADDED from src/main/AndroidManifest.xml:366:25-81
meta-data#XG_V2_ACCESS_ID
ADDED from src/main/AndroidManifest.xml:371:9-373:41
	android:value
		ADDED from src/main/AndroidManifest.xml:373:13-39
	android:name
		ADDED from src/main/AndroidManifest.xml:372:13-43
meta-data#XG_V2_ACCESS_KEY
ADDED from src/main/AndroidManifest.xml:375:9-377:43
	android:value
		ADDED from src/main/AndroidManifest.xml:377:13-41
	android:name
		ADDED from src/main/AndroidManifest.xml:376:13-44
meta-data#UMENG_APPKEY
ADDED from src/main/AndroidManifest.xml:380:9-382:55
	android:value
		ADDED from src/main/AndroidManifest.xml:382:13-53
	android:name
		ADDED from src/main/AndroidManifest.xml:381:13-40
meta-data#UMENG_CHANNEL
ADDED from src/main/AndroidManifest.xml:383:9-385:53
	android:value
		ADDED from src/main/AndroidManifest.xml:385:13-51
		INJECTED from src/main/AndroidManifest.xml
	android:name
		ADDED from src/main/AndroidManifest.xml:384:13-41
activity#com.bobaoo.xiaobao.weibo.WBShareActivity
ADDED from src/main/AndroidManifest.xml:389:9-397:20
	android:screenOrientation
		ADDED from src/main/AndroidManifest.xml:392:13-49
	android:configChanges
		ADDED from src/main/AndroidManifest.xml:391:13-63
	android:name
		ADDED from src/main/AndroidManifest.xml:390:13-50
intent-filter#android.intent.category.DEFAULT+com.sina.weibo.sdk.action.ACTION_SDK_REQ_ACTIVITY
ADDED from src/main/AndroidManifest.xml:393:13-396:29
action#com.sina.weibo.sdk.action.ACTION_SDK_REQ_ACTIVITY
ADDED from src/main/AndroidManifest.xml:394:17-91